<?xml version="1.0" encoding="UTF-8"?>
<!-- Generated by org.testng.reporters.JUnitReportReporter -->
<testsuite hostname="LAPTOP-S5GSA3HC" failures="0" tests="1" name="com.crm.practice_test.hardAssert_test" time="0.006" errors="0" timestamp="2022-03-16T16:15:48 IST" skipped="0">
  <testcase classname="com.crm.practice_test.hardAssert_test" name="hassert" time="0.006"/>
  <system-out/>
</testsuite> <!-- com.crm.practice_test.hardAssert_test -->
