<?xml version="1.0" encoding="UTF-8"?>
<!-- Generated by org.testng.reporters.JUnitReportReporter -->
<testsuite hostname="LAPTOP-S5GSA3HC" failures="0" tests="1" name="com.crm.testng.practice_test.CreateCampaignAndProduct_test" time="14.689" errors="0" timestamp="2022-03-17T13:03:15 IST" skipped="0">
  <testcase classname="com.crm.testng.practice_test.CreateCampaignAndProduct_test" name="campaignAndProduct" time="14.689"/>
  <system-out/>
</testsuite> <!-- com.crm.testng.practice_test.CreateCampaignAndProduct_test -->
