<?xml version="1.0" encoding="UTF-8"?>
<!-- Generated by org.testng.reporters.JUnitReportReporter -->
<testsuite hostname="LAPTOP-S5GSA3HC" failures="0" tests="1" name="com.crm.practice.Espn" time="10.251" errors="0" timestamp="2022-05-28T20:22:41 IST" skipped="0">
  <testcase classname="com.crm.practice.Espn" name="links" time="10.251"/>
  <system-out/>
</testsuite> <!-- com.crm.practice.Espn -->
