<?xml version="1.0" encoding="UTF-8"?>
<!-- Generated by org.testng.reporters.JUnitReportReporter -->
<testsuite hostname="LAPTOP-S5GSA3HC" failures="0" tests="2" name="com.crm.practice_test.DataProvider_demotest" time="0.005" errors="0" timestamp="2022-03-14T11:43:22 IST" skipped="0">
  <testcase classname="com.crm.practice_test.DataProvider_demotest" name="multipledata" time="0.004"/>
  <system-out/>
  <testcase classname="com.crm.practice_test.DataProvider_demotest" name="multipledata" time="0.001"/>
  <system-out/>
</testsuite> <!-- com.crm.practice_test.DataProvider_demotest -->
