<?xml version="1.0" encoding="UTF-8"?>
<!-- Generated by org.testng.reporters.JUnitReportReporter -->
<testsuite hostname="LAPTOP-S5GSA3HC" failures="0" tests="3" name="com.crm.practice_test.Depedencyonmethods_test" time="0.007" errors="0" timestamp="2022-03-14T13:11:59 IST" skipped="0">
  <testcase classname="com.crm.practice_test.Depedencyonmethods_test" name="CreateAccount" time="0.005"/>
  <system-out/>
  <testcase classname="com.crm.practice_test.Depedencyonmethods_test" name="deleteaccount" time="0.001"/>
  <system-out/>
  <testcase classname="com.crm.practice_test.Depedencyonmethods_test" name="modifyAccount" time="0.001"/>
  <system-out/>
</testsuite> <!-- com.crm.practice_test.Depedencyonmethods_test -->
