<?xml version="1.0" encoding="UTF-8"?>
<!-- Generated by org.testng.reporters.JUnitReportReporter -->
<testsuite hostname="LAPTOP-S5GSA3HC" failures="0" tests="1" name="com.crm.practice_test.IccRanking" time="6.249" errors="0" timestamp="2022-03-30T21:59:37 IST" skipped="0">
  <testcase classname="com.crm.practice_test.IccRanking" name="table" time="6.249"/>
  <system-out/>
</testsuite> <!-- com.crm.practice_test.IccRanking -->
