<?xml version="1.0" encoding="UTF-8"?>
<!-- Generated by org.testng.reporters.JUnitReportReporter -->
<testsuite hostname="LAPTOP-S5GSA3HC" failures="0" tests="1" name="com.crm.practice.All_links_In_page" time="16.338" errors="0" timestamp="2022-05-18T18:24:30 IST" skipped="0">
  <testcase classname="com.crm.practice.All_links_In_page" name="links" time="16.338"/>
  <system-out/>
</testsuite> <!-- com.crm.practice.All_links_In_page -->
