<?xml version="1.0" encoding="UTF-8"?>
<!-- Generated by org.testng.reporters.JUnitReportReporter -->
<testsuite hostname="LAPTOP-S5GSA3HC" failures="0" tests="1" name="com.crm.practice_test.SeleniumDevHead" time="10.275" errors="0" timestamp="2022-03-30T16:39:15 IST" skipped="0">
  <testcase classname="com.crm.practice_test.SeleniumDevHead" name="header" time="10.275"/>
  <system-out/>
</testsuite> <!-- com.crm.practice_test.SeleniumDevHead -->
