<?xml version="1.0" encoding="UTF-8"?>
<!-- Generated by org.testng.reporters.JUnitReportReporter -->
<testsuite hostname="LAPTOP-S5GSA3HC" failures="0" tests="1" name="com.crm.testng.practice_test.CreateOragnization_testng_test" time="8.862" errors="0" timestamp="2022-04-09T14:05:18 IST" skipped="0">
  <testcase classname="com.crm.testng.practice_test.CreateOragnization_testng_test" name="createOragnization" time="8.862"/>
  <system-out/>
</testsuite> <!-- com.crm.testng.practice_test.CreateOragnization_testng_test -->
