<?xml version="1.0" encoding="UTF-8"?>
<!-- Generated by org.testng.reporters.JUnitReportReporter -->
<testsuite hostname="LAPTOP-S5GSA3HC" failures="0" tests="1" name="com.crm.practice_test.Login_commandline" time="6.850" errors="0" timestamp="2022-04-03T11:44:49 IST" skipped="0">
  <testcase classname="com.crm.practice_test.Login_commandline" name="commandline" time="6.850"/>
  <system-out/>
</testsuite> <!-- com.crm.practice_test.Login_commandline -->
