<?xml version="1.0" encoding="UTF-8"?>
<!-- Generated by org.testng.reporters.JUnitReportReporter -->
<testsuite hostname="LAPTOP-S5GSA3HC" failures="0" tests="4" name="com.crm.practice_test.Demo1" time="0.011" errors="0" timestamp="2022-03-16T22:04:32 IST" skipped="0">
  <testcase classname="com.crm.practice_test.Demo1" name="demo4" time="0.002"/>
  <system-out/>
  <testcase classname="com.crm.practice_test.Demo1" name="demo2" time="0.001"/>
  <system-out/>
  <testcase classname="com.crm.practice_test.Demo1" name="demo1" time="0.007"/>
  <system-out/>
  <testcase classname="com.crm.practice_test.Demo1" name="demo3" time="0.001"/>
  <system-out/>
</testsuite> <!-- com.crm.practice_test.Demo1 -->
