<?xml version="1.0" encoding="UTF-8"?>
<!-- Generated by org.testng.reporters.JUnitReportReporter -->
<testsuite hostname="LAPTOP-S5GSA3HC" failures="0" tests="1" name="com.crm.practice_test.Amazon_Drop" time="8.433" errors="0" timestamp="2022-04-01T07:56:38 IST" skipped="0">
  <testcase classname="com.crm.practice_test.Amazon_Drop" name="drop" time="8.433"/>
  <system-out/>
</testsuite> <!-- com.crm.practice_test.Amazon_Drop -->
