<?xml version="1.0" encoding="UTF-8"?>
<!-- Generated by org.testng.reporters.JUnitReportReporter -->
<testsuite hostname="LAPTOP-S5GSA3HC" failures="0" tests="1" name="com.crm.practice_test.MySqlTest" time="0.222" errors="0" timestamp="2022-03-29T22:52:07 IST" skipped="0">
  <testcase classname="com.crm.practice_test.MySqlTest" name="database" time="0.222"/>
  <system-out/>
</testsuite> <!-- com.crm.practice_test.MySqlTest -->
