<?xml version="1.0" encoding="UTF-8"?>
<!-- Generated by org.testng.reporters.JUnitReportReporter -->
<testsuite hostname="LAPTOP-S5GSA3HC" failures="0" tests="1" name="com.crm.practice_test.Vtigerprint" time="7.105" errors="0" timestamp="2022-03-31T22:40:41 IST" skipped="0">
  <testcase classname="com.crm.practice_test.Vtigerprint" name="print" time="7.105"/>
  <system-out/>
</testsuite> <!-- com.crm.practice_test.Vtigerprint -->
