<?xml version="1.0" encoding="UTF-8"?>
<!-- Generated by org.testng.reporters.JUnitReportReporter -->
<testsuite hostname="LAPTOP-S5GSA3HC" failures="0" tests="4" name="com.crm.newpractice_test.Demo1test" time="18.228" errors="0" timestamp="2022-04-29T11:23:23 IST" skipped="0">
  <testcase classname="com.crm.newpractice_test.Demo1test" name="m3" time="4.367"/>
  <system-out/>
  <testcase classname="com.crm.newpractice_test.Demo1test" name="m2" time="4.637"/>
  <system-out/>
  <testcase classname="com.crm.newpractice_test.Demo1test" name="m3" time="4.372"/>
  <system-out/>
  <testcase classname="com.crm.newpractice_test.Demo1test" name="m2" time="4.852"/>
  <system-out/>
</testsuite> <!-- com.crm.newpractice_test.Demo1test -->
