<?xml version="1.0" encoding="UTF-8"?>
<!-- Generated by org.testng.reporters.JUnitReportReporter -->
<testsuite hostname="LAPTOP-S5GSA3HC" failures="0" tests="10" name="com.crm.testng.practice_test.InvocationCount_test" time="0.013" errors="0" timestamp="2022-03-22T10:45:24 IST" skipped="0">
  <testcase classname="com.crm.testng.practice_test.InvocationCount_test" name="demo" time="0.006"/>
  <system-out/>
  <testcase classname="com.crm.testng.practice_test.InvocationCount_test" name="demo" time="0.001"/>
  <system-out/>
  <testcase classname="com.crm.testng.practice_test.InvocationCount_test" name="demo" time="0.001"/>
  <system-out/>
  <testcase classname="com.crm.testng.practice_test.InvocationCount_test" name="demo" time="0.001"/>
  <system-out/>
  <testcase classname="com.crm.testng.practice_test.InvocationCount_test" name="demo" time="0.001"/>
  <system-out/>
  <testcase classname="com.crm.testng.practice_test.InvocationCount_test" name="demo" time="0.001"/>
  <system-out/>
  <testcase classname="com.crm.testng.practice_test.InvocationCount_test" name="demo" time="0.000"/>
  <system-out/>
  <testcase classname="com.crm.testng.practice_test.InvocationCount_test" name="demo" time="0.001"/>
  <system-out/>
  <testcase classname="com.crm.testng.practice_test.InvocationCount_test" name="demo" time="0.001"/>
  <system-out/>
  <testcase classname="com.crm.testng.practice_test.InvocationCount_test" name="demo" time="0.000"/>
  <system-out/>
</testsuite> <!-- com.crm.testng.practice_test.InvocationCount_test -->
