<?xml version="1.0" encoding="UTF-8"?>
<!-- Generated by org.testng.reporters.JUnitReportReporter -->
<testsuite hostname="LAPTOP-S5GSA3HC" failures="0" tests="6" name="com.crm.newpractice_test.Demo2test" time="37.270" errors="0" timestamp="2022-04-29T11:22:40 IST" skipped="0">
  <testcase classname="com.crm.newpractice_test.Demo2test" name="c2" time="6.066"/>
  <system-out/>
  <testcase classname="com.crm.newpractice_test.Demo2test" name="c1" time="6.702"/>
  <system-out/>
  <testcase classname="com.crm.newpractice_test.Demo2test" name="c1" time="5.624"/>
  <system-out/>
  <testcase classname="com.crm.newpractice_test.Demo2test" name="c3" time="6.273"/>
  <system-out/>
  <testcase classname="com.crm.newpractice_test.Demo2test" name="c2" time="6.154"/>
  <system-out/>
  <testcase classname="com.crm.newpractice_test.Demo2test" name="c3" time="6.451"/>
  <system-out/>
</testsuite> <!-- com.crm.newpractice_test.Demo2test -->
