<?xml version="1.0" encoding="UTF-8"?>
<!-- Generated by org.testng.reporters.JUnitReportReporter -->
<testsuite hostname="LAPTOP-S5GSA3HC" failures="0" tests="1" name="com.crm.practice_test.DtataBaseConnection_Test" time="0.249" errors="0" timestamp="2022-03-30T01:42:24 IST" skipped="0">
  <testcase classname="com.crm.practice_test.DtataBaseConnection_Test" name="database" time="0.249"/>
  <system-out/>
</testsuite> <!-- com.crm.practice_test.DtataBaseConnection_Test -->
