<?xml version="1.0" encoding="UTF-8"?>
<!-- Generated by org.testng.reporters.JUnitReportReporter -->
<testsuite hostname="LAPTOP-S5GSA3HC" failures="0" tests="1" name="com.crm.practice_test.Tommorow_date" time="15.547" errors="0" timestamp="2022-03-11T14:39:43 IST" skipped="0">
  <testcase classname="com.crm.practice_test.Tommorow_date" name="tomDate" time="15.547"/>
  <system-out/>
</testsuite> <!-- com.crm.practice_test.Tommorow_date -->
