<?xml version="1.0" encoding="UTF-8"?>
<!-- Generated by org.testng.reporters.JUnitReportReporter -->
<testsuite hostname="LAPTOP-S5GSA3HC" failures="0" tests="1" name="com.crm.practice_test.SoftAssertion_twst" time="0.007" errors="0" timestamp="2022-03-16T16:46:54 IST" skipped="0">
  <testcase classname="com.crm.practice_test.SoftAssertion_twst" name="hardassert" time="0.007"/>
  <system-out/>
</testsuite> <!-- com.crm.practice_test.SoftAssertion_twst -->
