<?xml version="1.0" encoding="UTF-8"?>
<!-- Generated by org.testng.reporters.JUnitReportReporter -->
<testsuite hostname="LAPTOP-S5GSA3HC" failures="0" tests="1" name="com.crm.properties.Actitime" time="47.447" errors="0" timestamp="2022-04-11T07:29:14 IST" skipped="0">
  <testcase classname="com.crm.properties.Actitime" name="act" time="47.447"/>
  <system-out/>
</testsuite> <!-- com.crm.properties.Actitime -->
