<?xml version="1.0" encoding="UTF-8"?>
<!-- Generated by org.testng.reporters.JUnitReportReporter -->
<testsuite hostname="LAPTOP-S5GSA3HC" failures="0" tests="4" name="com.crm.newpractice_test.Demo4test" time="19.908" errors="0" timestamp="2022-04-29T11:23:23 IST" skipped="0">
  <testcase classname="com.crm.newpractice_test.Demo4test" name="d1" time="4.385"/>
  <system-out/>
  <testcase classname="com.crm.newpractice_test.Demo4test" name="d2" time="5.572"/>
  <system-out/>
  <testcase classname="com.crm.newpractice_test.Demo4test" name="d2" time="5.578"/>
  <system-out/>
  <testcase classname="com.crm.newpractice_test.Demo4test" name="d1" time="4.373"/>
  <system-out/>
</testsuite> <!-- com.crm.newpractice_test.Demo4test -->
