<?xml version="1.0" encoding="UTF-8"?>
<!-- Generated by org.testng.reporters.JUnitReportReporter -->
<testsuite hostname="LAPTOP-S5GSA3HC" failures="0" tests="1" name="com.crm.practice_test.LensKart" time="103.001" errors="0" timestamp="2022-03-31T08:22:34 IST" skipped="0">
  <testcase classname="com.crm.practice_test.LensKart" name="lens" time="103.001"/>
  <system-out/>
</testsuite> <!-- com.crm.practice_test.LensKart -->
