<?xml version="1.0" encoding="UTF-8"?>
<!-- Generated by org.testng.reporters.JUnitReportReporter -->
<testsuite hostname="LAPTOP-S5GSA3HC" failures="0" tests="5" name="com.crm.practice_test.DataProvider_with_contacttest" time="127.081" errors="0" timestamp="2022-03-17T00:09:42 IST" skipped="0">
  <testcase classname="com.crm.practice_test.DataProvider_with_contacttest" name="contactdata" time="21.035"/>
  <system-out/>
  <testcase classname="com.crm.practice_test.DataProvider_with_contacttest" name="contactdata" time="42.930"/>
  <system-out/>
  <testcase classname="com.crm.practice_test.DataProvider_with_contacttest" name="contactdata" time="21.625"/>
  <system-out/>
  <testcase classname="com.crm.practice_test.DataProvider_with_contacttest" name="contactdata" time="20.716"/>
  <system-out/>
  <testcase classname="com.crm.practice_test.DataProvider_with_contacttest" name="contactdata" time="20.775"/>
  <system-out/>
</testsuite> <!-- com.crm.practice_test.DataProvider_with_contacttest -->
