<?xml version="1.0" encoding="UTF-8"?>
<!-- Generated by org.testng.reporters.JUnitReportReporter -->
<testsuite hostname="LAPTOP-S5GSA3HC" failures="0" tests="1" name="com.crm.testng.practice_test.CreateProduct_test" time="8.302" errors="0" timestamp="2022-04-03T15:40:17 IST" skipped="0">
  <testcase classname="com.crm.testng.practice_test.CreateProduct_test" name="createproduct" time="8.302"/>
  <system-out/>
</testsuite> <!-- com.crm.testng.practice_test.CreateProduct_test -->
