<?xml version="1.0" encoding="UTF-8"?>
<!-- Generated by org.testng.reporters.JUnitReportReporter -->
<testsuite hostname="LAPTOP-S5GSA3HC" failures="0" tests="1" name="com.crm.newpractice_test.loginBYParametertest" time="7.643" errors="0" timestamp="2022-04-29T12:56:43 IST" skipped="0">
  <testcase classname="com.crm.newpractice_test.loginBYParametertest" name="vtiger" time="7.643"/>
  <system-out/>
</testsuite> <!-- com.crm.newpractice_test.loginBYParametertest -->
