<?xml version="1.0" encoding="UTF-8"?>
<!-- Generated by org.testng.reporters.JUnitReportReporter -->
<testsuite hostname="LAPTOP-S5GSA3HC" failures="0" tests="3" name="com.crm.practice_test.DemoDataProvider_test" time="0.006" errors="0" timestamp="2022-03-17T00:16:23 IST" skipped="0">
  <testcase classname="com.crm.practice_test.DemoDataProvider_test" name="receiveMoney" time="0.004"/>
  <system-out/>
  <testcase classname="com.crm.practice_test.DemoDataProvider_test" name="receiveMoney" time="0.001"/>
  <system-out/>
  <testcase classname="com.crm.practice_test.DemoDataProvider_test" name="receiveMoney" time="0.001"/>
  <system-out/>
</testsuite> <!-- com.crm.practice_test.DemoDataProvider_test -->
