<?xml version="1.0" encoding="UTF-8"?>
<!-- Generated by org.testng.reporters.JUnitReportReporter -->
<testsuite hostname="LAPTOP-S5GSA3HC" failures="0" tests="8" name="com.crm.practice_test.demo3Test" time="0.010" errors="0" timestamp="2022-03-16T22:58:04 IST" skipped="0">
  <testcase classname="com.crm.practice_test.demo3Test" name="createAccount" time="0.001"/>
  <system-out/>
  <testcase classname="com.crm.practice_test.demo3Test" name="createAccount" time="0.006"/>
  <system-out/>
  <testcase classname="com.crm.practice_test.demo3Test" name="createAccount" time="0.000"/>
  <system-out/>
  <testcase classname="com.crm.practice_test.demo3Test" name="homepage" time="0.000"/>
  <system-out/>
  <testcase classname="com.crm.practice_test.demo3Test" name="createAccount" time="0.001"/>
  <system-out/>
  <testcase classname="com.crm.practice_test.demo3Test" name="sendmoney" time="0.000"/>
  <system-out/>
  <testcase classname="com.crm.practice_test.demo3Test" name="logout" time="0.001"/>
  <system-out/>
  <testcase classname="com.crm.practice_test.demo3Test" name="createAccount" time="0.001"/>
  <system-out/>
</testsuite> <!-- com.crm.practice_test.demo3Test -->
