<?xml version="1.0" encoding="UTF-8"?>
<!-- Generated by org.testng.reporters.JUnitReportReporter -->
<testsuite hostname="LAPTOP-S5GSA3HC" failures="0" tests="1" name="com.crm.testng.practice_test.CreateOragnizationWithIndusrty_test" time="23.212" errors="0" timestamp="2022-03-17T14:50:36 IST" skipped="0">
  <testcase classname="com.crm.testng.practice_test.CreateOragnizationWithIndusrty_test" name="oragnizationIndustry" time="23.212"/>
  <system-out/>
</testsuite> <!-- com.crm.testng.practice_test.CreateOragnizationWithIndusrty_test -->
