<?xml version="1.0" encoding="UTF-8"?>
<!-- Generated by org.testng.reporters.JUnitReportReporter -->
<testsuite hostname="LAPTOP-S5GSA3HC" failures="0" tests="1" name="com.crm.testng.practice_test.CreateContacts_Test" time="8.246" errors="0" timestamp="2022-04-09T14:05:47 IST" skipped="0">
  <testcase classname="com.crm.testng.practice_test.CreateContacts_Test" name="contacts" time="8.246"/>
  <system-out/>
</testsuite> <!-- com.crm.testng.practice_test.CreateContacts_Test -->
